<?xml version="1.0" encoding="UTF-8"?>
<testsuite name="FirstNonRepeatedCharacterTest" tests="1" skipped="0" failures="0" errors="0" timestamp="2023-01-15T05:26:22" hostname="noseungjun-ui-MacBookAir.local" time="0.037">
  <properties/>
  <testcase name="V2()" classname="FirstNonRepeatedCharacterTest" time="0.037"/>
  <system-out><![CDATA[]]></system-out>
  <system-err><![CDATA[]]></system-err>
</testsuite>
